# JRE version: Java(TM) SE Runtime Environment (8.0_74-b02) (build 1.8.0_74-b02)
# Java VM: Java HotSpot(TM) 64-Bit Server VM (25.74-b02 mixed mode windows-amd64 compressed oops)
Heap:
 PSYoungGen      total 859136K, used 643876K [0x000000076ab00000, 0x00000007ad780000, 0x00000007c0000000)
  eden space 653824K, 67% used [0x000000076ab00000,0x000000078574b968,0x0000000792980000)
  from space 205312K, 99% used [0x0000000792980000,0x000000079f1fd920,0x000000079f200000)
  to   space 188928K, 0% used [0x000000079f200000,0x000000079f200000,0x00000007aaa80000)
 ParOldGen       total 637952K, used 509544K [0x00000006c0000000, 0x00000006e6f00000, 0x000000076ab00000)
  object space 637952K, 79% used [0x00000006c0000000,0x00000006df19a3c0,0x00000006e6f00000)
 Metaspace       used 6732K, capacity 7320K, committed 7680K, reserved 1056768K
  class space    used 632K, capacity 656K, committed 768K, reserved 1048576K
GC Heap History (10 events):
Event: 14.971 GC heap before
{Heap before GC invocations=16 (full 3):
 PSYoungGen      total 645632K, used 86423K [0x000000076ab00000, 0x00000007a0b80000, 0x00000007c0000000)
  eden space 498688K, 0% used [0x000000076ab00000,0x000000076ab00000,0x0000000789200000)
  from space 146944K, 58% used [0x0000000789200000,0x000000078e665f10,0x0000000792180000)
  to   space 148992K, 0% used [0x0000000797a00000,0x0000000797a00000,0x00000007a0b80000)
 ParOldGen       total 406528K, used 369860K [0x00000006c0000000, 0x00000006d8d00000, 0x000000076ab00000)
  object space 406528K, 90% used [0x00000006c0000000,0x00000006d6931018,0x00000006d8d00000)
 Metaspace       used 6698K, capacity 7320K, committed 7680K, reserved 1056768K
  class space    used 631K, capacity 656K, committed 768K, reserved 1048576K
Event: 17.368 GC heap after
Heap after GC invocations=16 (full 3):
 PSYoungGen      total 645632K, used 42964K [0x000000076ab00000, 0x00000007a0b80000, 0x00000007c0000000)
  eden space 498688K, 0% used [0x000000076ab00000,0x000000076ab00000,0x0000000789200000)
  from space 146944K, 29% used [0x0000000789200000,0x000000078bbf5138,0x0000000792180000)
  to   space 148992K, 0% used [0x0000000797a00000,0x0000000797a00000,0x00000007a0b80000)
 ParOldGen       total 637952K, used 406385K [0x00000006c0000000, 0x00000006e6f00000, 0x000000076ab00000)
  object space 637952K, 63% used [0x00000006c0000000,0x00000006d8cdc5f0,0x00000006e6f00000)
 Metaspace       used 6698K, capacity 7320K, committed 7680K, reserved 1056768K
  class space    used 631K, capacity 656K, committed 768K, reserved 1048576K
}
Event: 18.535 GC heap before
{Heap before GC invocations=17 (full 3):
 PSYoungGen      total 645632K, used 541652K [0x000000076ab00000, 0x00000007a0b80000, 0x00000007c0000000)
  eden space 498688K, 100% used [0x000000076ab00000,0x0000000789200000,0x0000000789200000)
  from space 146944K, 29% used [0x0000000789200000,0x000000078bbf5138,0x0000000792180000)
  to   space 148992K, 0% used [0x0000000797a00000,0x0000000797a00000,0x00000007a0b80000)
 ParOldGen       total 637952K, used 406385K [0x00000006c0000000, 0x00000006e6f00000, 0x000000076ab00000)
  object space 637952K, 63% used [0x00000006c0000000,0x00000006d8cdc5f0,0x00000006e6f00000)
 Metaspace       used 6704K, capacity 7320K, committed 7680K, reserved 1056768K
  class space    used 631K, capacity 656K, committed 768K, reserved 1048576K
Event: 18.700 GC heap after
Heap after GC invocations=17 (full 3):
 PSYoungGen      total 721408K, used 113043K [0x000000076ab00000, 0x00000007a1300000, 0x00000007c0000000)
  eden space 572416K, 0% used [0x000000076ab00000,0x000000076ab00000,0x000000078da00000)
  from space 148992K, 75% used [0x0000000797a00000,0x000000079e864f48,0x00000007a0b80000)
  to   space 160256K, 0% used [0x000000078da00000,0x000000078da00000,0x0000000797680000)
 ParOldGen       total 637952K, used 406393K [0x00000006c0000000, 0x00000006e6f00000, 0x000000076ab00000)
  object space 637952K, 63% used [0x00000006c0000000,0x00000006d8cde5f0,0x00000006e6f00000)
 Metaspace       used 6704K, capacity 7320K, committed 7680K, reserved 1056768K
  class space    used 631K, capacity 656K, committed 768K, reserved 1048576K
}
Event: 19.943 GC heap before
{Heap before GC invocations=18 (full 3):
 PSYoungGen      total 721408K, used 685459K [0x000000076ab00000, 0x00000007a1300000, 0x00000007c0000000)
  eden space 572416K, 100% used [0x000000076ab00000,0x000000078da00000,0x000000078da00000)
  from space 148992K, 75% used [0x0000000797a00000,0x000000079e864f48,0x00000007a0b80000)
  to   space 160256K, 0% used [0x000000078da00000,0x000000078da00000,0x0000000797680000)
 ParOldGen       total 637952K, used 406393K [0x00000006c0000000, 0x00000006e6f00000, 0x000000076ab00000)
  object space 637952K, 63% used [0x00000006c0000000,0x00000006d8cde5f0,0x00000006e6f00000)
 Metaspace       used 6707K, capacity 7320K, committed 7680K, reserved 1056768K
  class space    used 631K, capacity 656K, committed 768K, reserved 1048576K
Event: 20.158 GC heap after
Heap after GC invocations=18 (full 3):
 PSYoungGen      total 732672K, used 160235K [0x000000076ab00000, 0x00000007aaa80000, 0x00000007c0000000)
  eden space 572416K, 0% used [0x000000076ab00000,0x000000076ab00000,0x000000078da00000)
  from space 160256K, 99% used [0x000000078da00000,0x000000079767ad18,0x0000000797680000)
  to   space 188928K, 0% used [0x000000079f200000,0x000000079f200000,0x00000007aaa80000)
 ParOldGen       total 637952K, used 413369K [0x00000006c0000000, 0x00000006e6f00000, 0x000000076ab00000)
  object space 637952K, 64% used [0x00000006c0000000,0x00000006d93ae4c0,0x00000006e6f00000)
 Metaspace       used 6707K, capacity 7320K, committed 7680K, reserved 1056768K
  class space    used 631K, capacity 656K, committed 768K, reserved 1048576K
}
Event: 21.275 GC heap before
{Heap before GC invocations=19 (full 3):
 PSYoungGen      total 732672K, used 732651K [0x000000076ab00000, 0x00000007aaa80000, 0x00000007c0000000)
  eden space 572416K, 100% used [0x000000076ab00000,0x000000078da00000,0x000000078da00000)
  from space 160256K, 99% used [0x000000078da00000,0x000000079767ad18,0x0000000797680000)
  to   space 188928K, 0% used [0x000000079f200000,0x000000079f200000,0x00000007aaa80000)
 ParOldGen       total 637952K, used 413369K [0x00000006c0000000, 0x00000006e6f00000, 0x000000076ab00000)
  object space 637952K, 64% used [0x00000006c0000000,0x00000006d93ae4c0,0x00000006e6f00000)
 Metaspace       used 6707K, capacity 7320K, committed 7680K, reserved 1056768K
  class space    used 631K, capacity 656K, committed 768K, reserved 1048576K
Event: 21.507 GC heap after
Heap after GC invocations=19 (full 3):
 PSYoungGen      total 842752K, used 150390K [0x000000076ab00000, 0x00000007ad780000, 0x00000007c0000000)
  eden space 653824K, 0% used [0x000000076ab00000,0x000000076ab00000,0x0000000792980000)
  from space 188928K, 79% used [0x000000079f200000,0x00000007a84ddb80,0x00000007aaa80000)
  to   space 205312K, 0% used [0x0000000792980000,0x0000000792980000,0x000000079f200000)
 ParOldGen       total 637952K, used 492275K [0x00000006c0000000, 0x00000006e6f00000, 0x000000076ab00000)
  object space 637952K, 77% used [0x00000006c0000000,0x00000006de0bccf8,0x00000006e6f00000)
 Metaspace       used 6707K, capacity 7320K, committed 7680K, reserved 1056768K
  class space    used 631K, capacity 656K, committed 768K, reserved 1048576K
}
Event: 23.250 GC heap before
{Heap before GC invocations=20 (full 3):
 PSYoungGen      total 842752K, used 804214K [0x000000076ab00000, 0x00000007ad780000, 0x00000007c0000000)
  eden space 653824K, 100% used [0x000000076ab00000,0x0000000792980000,0x0000000792980000)
  from space 188928K, 79% used [0x000000079f200000,0x00000007a84ddb80,0x00000007aaa80000)
  to   space 205312K, 0% used [0x0000000792980000,0x0000000792980000,0x000000079f200000)
 ParOldGen       total 637952K, used 492275K [0x00000006c0000000, 0x00000006e6f00000, 0x000000076ab00000)
  object space 637952K, 77% used [0x00000006c0000000,0x00000006de0bccf8,0x00000006e6f00000)
 Metaspace       used 6726K, capacity 7320K, committed 7680K, reserved 1056768K
  class space    used 632K, capacity 656K, committed 768K, reserved 1048576K
Event: 23.458 GC heap after
Heap after GC invocations=20 (full 3):
 PSYoungGen      total 859136K, used 205302K [0x000000076ab00000, 0x00000007ad780000, 0x00000007c0000000)
  eden space 653824K, 0% used [0x000000076ab00000,0x000000076ab00000,0x0000000792980000)
  from space 205312K, 99% used [0x0000000792980000,0x000000079f1fd920,0x000000079f200000)
  to   space 188928K, 0% used [0x000000079f200000,0x000000079f200000,0x00000007aaa80000)
 ParOldGen       total 637952K, used 509544K [0x00000006c0000000, 0x00000006e6f00000, 0x000000076ab00000)
  object space 637952K, 79% used [0x00000006c0000000,0x00000006df19a3c0,0x00000006e6f00000)
 Metaspace       used 6726K, capacity 7320K, committed 7680K, reserved 1056768K
  class space    used 632K, capacity 656K, committed 768K, reserved 1048576K
}

